<?xml version="1.0" encoding="UTF-8"?>
<testng-results skipped="0" failed="0" ignored="0" total="1" passed="1">
  <reporter-output>
  </reporter-output>
  <suite name="Default suite" duration-ms="48153" started-at="2018-06-08T04:27:09Z" finished-at="2018-06-08T04:27:57Z">
    <groups>
    </groups>
    <test name="Default test" duration-ms="48153" started-at="2018-06-08T04:27:09Z" finished-at="2018-06-08T04:27:57Z">
      <class name="pomFramework.pomFramework.Testing">
        <test-method status="PASS" signature="umplogin()[pri:1, instance:pomFramework.pomFramework.Testing@4cf777e8]" name="umplogin" duration-ms="48091" started-at="2018-06-08T04:27:09Z" finished-at="2018-06-08T04:27:57Z">
          <reporter-output>
          </reporter-output>
        </test-method> <!-- umplogin -->
      </class> <!-- pomFramework.pomFramework.Testing -->
    </test> <!-- Default test -->
  </suite> <!-- Default suite -->
</testng-results>
